<?xml version="1.0" encoding="utf-8"?><testsuites name="pytest tests"><testsuite name="pytest" errors="0" failures="1" skipped="0" tests="30" time="8.256" timestamp="2026-03-10T11:20:51.937856+00:00" hostname="agent-env-8e9f2f41-6b97-4525-bf49-a6896b1fae9c"><testcase classname="backend.tests.test_cleardeal.TestAuth" name="test_register_owner" time="0.574" /><testcase classname="backend.tests.test_cleardeal.TestAuth" name="test_register_brand_manager" time="0.285" /><testcase classname="backend.tests.test_cleardeal.TestAuth" name="test_login_owner" time="0.277" /><testcase classname="backend.tests.test_cleardeal.TestAuth" name="test_login_invalid" time="4.546"><failure message="assert 503 == 401&#10; +  where 503 = &lt;Response [503]&gt;.status_code">backend/tests/test_cleardeal.py:83: in test_login_invalid
    assert resp.status_code == 401
E   assert 503 == 401
E    +  where 503 = &lt;Response [503]&gt;.status_code</failure></testcase><testcase classname="backend.tests.test_cleardeal.TestAuth" name="test_get_me" time="0.051" /><testcase classname="backend.tests.test_cleardeal.TestAuth" name="test_duplicate_register" time="0.048" /><testcase classname="backend.tests.test_cleardeal.TestCompanies" name="test_create_owner_company" time="0.064" /><testcase classname="backend.tests.test_cleardeal.TestCompanies" name="test_create_brand_company" time="0.062" /><testcase classname="backend.tests.test_cleardeal.TestCompanies" name="test_get_my_company" time="0.052" /><testcase classname="backend.tests.test_cleardeal.TestCompanies" name="test_verify_gst" time="0.058" /><testcase classname="backend.tests.test_cleardeal.TestCompanies" name="test_verify_aadhaar" time="0.053" /><testcase classname="backend.tests.test_cleardeal.TestCompanies" name="test_verify_bank" time="0.051" /><testcase classname="backend.tests.test_cleardeal.TestBillboards" name="test_create_billboard" time="0.061" /><testcase classname="backend.tests.test_cleardeal.TestBillboards" name="test_get_my_billboards" time="1.116" /><testcase classname="backend.tests.test_cleardeal.TestBillboards" name="test_publish_billboard" time="0.051" /><testcase classname="backend.tests.test_cleardeal.TestBillboards" name="test_browse_billboards" time="0.059" /><testcase classname="backend.tests.test_cleardeal.TestBillboards" name="test_get_billboard_by_id" time="0.047" /><testcase classname="backend.tests.test_cleardeal.TestBillboards" name="test_search_billboard_by_area" time="0.053" /><testcase classname="backend.tests.test_cleardeal.TestBillboards" name="test_brand_cannot_create_billboard" time="0.046" /><testcase classname="backend.tests.test_cleardeal.TestDeals" name="test_create_deal" time="0.079" /><testcase classname="backend.tests.test_cleardeal.TestDeals" name="test_get_deals_brand" time="0.050" /><testcase classname="backend.tests.test_cleardeal.TestDeals" name="test_get_deals_owner" time="0.046" /><testcase classname="backend.tests.test_cleardeal.TestDeals" name="test_get_deal_by_id" time="0.046" /><testcase classname="backend.tests.test_cleardeal.TestDeals" name="test_get_messages" time="0.047" /><testcase classname="backend.tests.test_cleardeal.TestDeals" name="test_send_text_message" time="0.046" /><testcase classname="backend.tests.test_cleardeal.TestDeals" name="test_send_counter_offer" time="0.048" /><testcase classname="backend.tests.test_cleardeal.TestDeals" name="test_accept_offer" time="0.046" /><testcase classname="backend.tests.test_cleardeal.TestDeals" name="test_owner_cannot_create_deal" time="0.046" /><testcase classname="backend.tests.test_cleardeal.TestDashboard" name="test_owner_dashboard_stats" time="0.048" /><testcase classname="backend.tests.test_cleardeal.TestDashboard" name="test_brand_dashboard_stats" time="0.048" /></testsuite></testsuites>